2016-06-27 15:57:14,445 | WARN  | Thread-1 | LocalClient.java:301 | - Failed to subscribe rpc://192.168.255.1:-1/appService?hash=1028332205&reqTimeoutMs=10000
org.apache.zookeeper.KeeperException$NodeExistsException: KeeperErrorCode = NodeExists for /cloud_rpc/appService/consumers/rpc%3A%2F%2F192.168.255.1%3A-1%2FappService%3Fhash%3D1028332205%26reqTimeoutMs%3D10000
	at org.apache.zookeeper.KeeperException.create(KeeperException.java:119)
	at org.apache.zookeeper.KeeperException.create(KeeperException.java:51)
	at org.apache.zookeeper.ZooKeeper.create(ZooKeeper.java:783)
	at org.apache.curator.framework.imps.CreateBuilderImpl$11.call(CreateBuilderImpl.java:696)
	at org.apache.curator.framework.imps.CreateBuilderImpl$11.call(CreateBuilderImpl.java:679)
	at org.apache.curator.RetryLoop.callWithRetry(RetryLoop.java:107)
	at org.apache.curator.framework.imps.CreateBuilderImpl.pathInForeground(CreateBuilderImpl.java:676)
	at org.apache.curator.framework.imps.CreateBuilderImpl.protectedPathInForeground(CreateBuilderImpl.java:453)
	at org.apache.curator.framework.imps.CreateBuilderImpl.forPath(CreateBuilderImpl.java:443)
	at org.apache.curator.framework.imps.CreateBuilderImpl.forPath(CreateBuilderImpl.java:423)
	at org.apache.curator.framework.imps.CreateBuilderImpl.forPath(CreateBuilderImpl.java:44)
	at com.tplink.cloud.rpc.common.zk.support.CuratorZkClient.create(CuratorZkClient.java:75)
	at com.tplink.cloud.rpc.registry.support.ZkClient.create(ZkClient.java:75)
	at com.tplink.cloud.rpc.registry.support.ZkConsumer.subscribe(ZkConsumer.java:71)
	at com.tplink.cloud.rpc.support.LocalClient.doWatch(LocalClient.java:299)
	at com.tplink.cloud.rpc.support.LocalClient.<init>(LocalClient.java:82)
	at com.tplink.cloud.rpc.Refer.connect(Refer.java:36)
	at com.xmu.lgp.tpcsb.services.invoker.AsyncRpcClient.init(AsyncRpcClient.java:27)
	at com.xmu.lgp.tpcsb.services.AsyncRpcTPCS.init(AsyncRpcTPCS.java:16)
	at com.xmu.lgp.tpcsb.TPCSWrapper.init(TPCSWrapper.java:52)
	at com.xmu.lgp.tpcsb.ClientThread.run(Client.java:282)
2016-06-27 15:57:14,449 | WARN  | Thread-1 | LocalClient.java:84 | - Failed to watch zk
org.apache.zookeeper.KeeperException$NodeExistsException: KeeperErrorCode = NodeExists for /cloud_rpc/appService/consumers/rpc%3A%2F%2F192.168.255.1%3A-1%2FappService%3Fhash%3D1028332205%26reqTimeoutMs%3D10000
	at org.apache.zookeeper.KeeperException.create(KeeperException.java:119)
	at org.apache.zookeeper.KeeperException.create(KeeperException.java:51)
	at org.apache.zookeeper.ZooKeeper.create(ZooKeeper.java:783)
	at org.apache.curator.framework.imps.CreateBuilderImpl$11.call(CreateBuilderImpl.java:696)
	at org.apache.curator.framework.imps.CreateBuilderImpl$11.call(CreateBuilderImpl.java:679)
	at org.apache.curator.RetryLoop.callWithRetry(RetryLoop.java:107)
	at org.apache.curator.framework.imps.CreateBuilderImpl.pathInForeground(CreateBuilderImpl.java:676)
	at org.apache.curator.framework.imps.CreateBuilderImpl.protectedPathInForeground(CreateBuilderImpl.java:453)
	at org.apache.curator.framework.imps.CreateBuilderImpl.forPath(CreateBuilderImpl.java:443)
	at org.apache.curator.framework.imps.CreateBuilderImpl.forPath(CreateBuilderImpl.java:423)
	at org.apache.curator.framework.imps.CreateBuilderImpl.forPath(CreateBuilderImpl.java:44)
	at com.tplink.cloud.rpc.common.zk.support.CuratorZkClient.create(CuratorZkClient.java:75)
	at com.tplink.cloud.rpc.registry.support.ZkClient.create(ZkClient.java:75)
	at com.tplink.cloud.rpc.registry.support.ZkConsumer.subscribe(ZkConsumer.java:71)
	at com.tplink.cloud.rpc.support.LocalClient.doWatch(LocalClient.java:299)
	at com.tplink.cloud.rpc.support.LocalClient.<init>(LocalClient.java:82)
	at com.tplink.cloud.rpc.Refer.connect(Refer.java:36)
	at com.xmu.lgp.tpcsb.services.invoker.AsyncRpcClient.init(AsyncRpcClient.java:27)
	at com.xmu.lgp.tpcsb.services.AsyncRpcTPCS.init(AsyncRpcTPCS.java:16)
	at com.xmu.lgp.tpcsb.TPCSWrapper.init(TPCSWrapper.java:52)
	at com.xmu.lgp.tpcsb.ClientThread.run(Client.java:282)
2016-06-27 15:57:25,733 | WARN  | Thread-1 | LocalClient.java:301 | - Failed to subscribe rpc://192.168.255.1:-1/appService?hash=4788792&reqTimeoutMs=10000
org.apache.zookeeper.KeeperException$NodeExistsException: KeeperErrorCode = NodeExists for /cloud_rpc/appService/consumers/rpc%3A%2F%2F192.168.255.1%3A-1%2FappService%3Fhash%3D4788792%26reqTimeoutMs%3D10000
	at org.apache.zookeeper.KeeperException.create(KeeperException.java:119)
	at org.apache.zookeeper.KeeperException.create(KeeperException.java:51)
	at org.apache.zookeeper.ZooKeeper.create(ZooKeeper.java:783)
	at org.apache.curator.framework.imps.CreateBuilderImpl$11.call(CreateBuilderImpl.java:696)
	at org.apache.curator.framework.imps.CreateBuilderImpl$11.call(CreateBuilderImpl.java:679)
	at org.apache.curator.RetryLoop.callWithRetry(RetryLoop.java:107)
	at org.apache.curator.framework.imps.CreateBuilderImpl.pathInForeground(CreateBuilderImpl.java:676)
	at org.apache.curator.framework.imps.CreateBuilderImpl.protectedPathInForeground(CreateBuilderImpl.java:453)
	at org.apache.curator.framework.imps.CreateBuilderImpl.forPath(CreateBuilderImpl.java:443)
	at org.apache.curator.framework.imps.CreateBuilderImpl.forPath(CreateBuilderImpl.java:423)
	at org.apache.curator.framework.imps.CreateBuilderImpl.forPath(CreateBuilderImpl.java:44)
	at com.tplink.cloud.rpc.common.zk.support.CuratorZkClient.create(CuratorZkClient.java:75)
	at com.tplink.cloud.rpc.registry.support.ZkClient.create(ZkClient.java:75)
	at com.tplink.cloud.rpc.registry.support.ZkConsumer.subscribe(ZkConsumer.java:71)
	at com.tplink.cloud.rpc.support.LocalClient.doWatch(LocalClient.java:299)
	at com.tplink.cloud.rpc.support.LocalClient.<init>(LocalClient.java:82)
	at com.tplink.cloud.rpc.Refer.connect(Refer.java:36)
	at com.xmu.lgp.tpcsb.services.invoker.AsyncRpcClient.init(AsyncRpcClient.java:27)
	at com.xmu.lgp.tpcsb.services.AsyncRpcTPCS.init(AsyncRpcTPCS.java:16)
	at com.xmu.lgp.tpcsb.TPCSWrapper.init(TPCSWrapper.java:52)
	at com.xmu.lgp.tpcsb.ClientThread.run(Client.java:282)
2016-06-27 15:57:25,742 | WARN  | Thread-1 | LocalClient.java:84 | - Failed to watch zk
org.apache.zookeeper.KeeperException$NodeExistsException: KeeperErrorCode = NodeExists for /cloud_rpc/appService/consumers/rpc%3A%2F%2F192.168.255.1%3A-1%2FappService%3Fhash%3D4788792%26reqTimeoutMs%3D10000
	at org.apache.zookeeper.KeeperException.create(KeeperException.java:119)
	at org.apache.zookeeper.KeeperException.create(KeeperException.java:51)
	at org.apache.zookeeper.ZooKeeper.create(ZooKeeper.java:783)
	at org.apache.curator.framework.imps.CreateBuilderImpl$11.call(CreateBuilderImpl.java:696)
	at org.apache.curator.framework.imps.CreateBuilderImpl$11.call(CreateBuilderImpl.java:679)
	at org.apache.curator.RetryLoop.callWithRetry(RetryLoop.java:107)
	at org.apache.curator.framework.imps.CreateBuilderImpl.pathInForeground(CreateBuilderImpl.java:676)
	at org.apache.curator.framework.imps.CreateBuilderImpl.protectedPathInForeground(CreateBuilderImpl.java:453)
	at org.apache.curator.framework.imps.CreateBuilderImpl.forPath(CreateBuilderImpl.java:443)
	at org.apache.curator.framework.imps.CreateBuilderImpl.forPath(CreateBuilderImpl.java:423)
	at org.apache.curator.framework.imps.CreateBuilderImpl.forPath(CreateBuilderImpl.java:44)
	at com.tplink.cloud.rpc.common.zk.support.CuratorZkClient.create(CuratorZkClient.java:75)
	at com.tplink.cloud.rpc.registry.support.ZkClient.create(ZkClient.java:75)
	at com.tplink.cloud.rpc.registry.support.ZkConsumer.subscribe(ZkConsumer.java:71)
	at com.tplink.cloud.rpc.support.LocalClient.doWatch(LocalClient.java:299)
	at com.tplink.cloud.rpc.support.LocalClient.<init>(LocalClient.java:82)
	at com.tplink.cloud.rpc.Refer.connect(Refer.java:36)
	at com.xmu.lgp.tpcsb.services.invoker.AsyncRpcClient.init(AsyncRpcClient.java:27)
	at com.xmu.lgp.tpcsb.services.AsyncRpcTPCS.init(AsyncRpcTPCS.java:16)
	at com.xmu.lgp.tpcsb.TPCSWrapper.init(TPCSWrapper.java:52)
	at com.xmu.lgp.tpcsb.ClientThread.run(Client.java:282)
